Terminals which are not used

   NAME
   DSEMI
   If
   Then
   Else
   Elif
   Fi
   Do
   Done
   Case
   Esac
   While
   Until
   For
   Lbrace
   Rbrace


Grammar

    0 $accept: complete_command $end

    1 complete_command: list separator
    2                 | list

    3 list: list separator_op and_or
    4     | and_or

    5 and_or: pipeline
    6       | and_or AND_IF linebreak pipeline
    7       | and_or OR_IF linebreak pipeline

    8 pipeline: pipe_sequence
    9         | Bang pipe_sequence

   10 pipe_sequence: command
   11              | pipe_sequence '|' linebreak command

   12 command: simple_command

   13 simple_command: cmd_prefix cmd_word cmd_suffix
   14               | cmd_prefix cmd_word
   15               | cmd_prefix
   16               | cmd_name cmd_suffix
   17               | cmd_name

   18 cmd_name: WORD

   19 cmd_word: WORD

   20 cmd_prefix: io_redirect
   21           | cmd_prefix io_redirect
   22           | ASSIGNMENT_WORD
   23           | cmd_prefix ASSIGNMENT_WORD

   24 cmd_suffix: io_redirect
   25           | cmd_suffix io_redirect
   26           | WORD
   27           | cmd_suffix WORD

   28 io_redirect: io_file
   29            | IO_NUMBER io_file
   30            | io_here
   31            | IO_NUMBER io_here

   32 io_file: '<' filename
   33        | LESSAND filename
   34        | '>' filename
   35        | GREATAND filename
   36        | DGREAT filename
   37        | LESSGREAT filename
   38        | CLOBBER filename

   39 filename: WORD

   40 io_here: DLESS here_end
   41        | DLESSDASH here_end

   42 here_end: WORD

   43 newline_list: NEWLINE
   44             | newline_list NEWLINE

   45 linebreak: newline_list
   46          | /* empty */

   47 separator_op: '&'
   48             | ';'

   49 separator: separator_op linebreak
   50          | newline_list


Terminals, with rules where they appear

$end (0) 0
'&' (38) 47
';' (59) 48
'<' (60) 32
'>' (62) 34
'|' (124) 11
error (256)
WORD (258) 18 19 26 27 39 42
ASSIGNMENT_WORD (259) 22 23
NAME (260)
NEWLINE (261) 43 44
IO_NUMBER (262) 29 31
AND_IF (263) 6
OR_IF (264) 7
DSEMI (265)
DLESS (266) 40
DGREAT (267) 36
LESSAND (268) 33
GREATAND (269) 35
LESSGREAT (270) 37
DLESSDASH (271) 41
CLOBBER (272) 38
If (273)
Then (274)
Else (275)
Elif (276)
Fi (277)
Do (278)
Done (279)
Case (280)
Esac (281)
While (282)
Until (283)
For (284)
Lbrace (285)
Rbrace (286)
Bang (287) 9


Nonterminals, with rules where they appear

$accept (38)
    on left: 0
complete_command (39)
    on left: 1 2, on right: 0
list (40)
    on left: 3 4, on right: 1 2 3
and_or (41)
    on left: 5 6 7, on right: 3 4 6 7
pipeline (42)
    on left: 8 9, on right: 5 6 7
pipe_sequence (43)
    on left: 10 11, on right: 8 9 11
command (44)
    on left: 12, on right: 10 11
simple_command (45)
    on left: 13 14 15 16 17, on right: 12
cmd_name (46)
    on left: 18, on right: 16 17
cmd_word (47)
    on left: 19, on right: 13 14
cmd_prefix (48)
    on left: 20 21 22 23, on right: 13 14 15 21 23
cmd_suffix (49)
    on left: 24 25 26 27, on right: 13 16 25 27
io_redirect (50)
    on left: 28 29 30 31, on right: 20 21 24 25
io_file (51)
    on left: 32 33 34 35 36 37 38, on right: 28 29
filename (52)
    on left: 39, on right: 32 33 34 35 36 37 38
io_here (53)
    on left: 40 41, on right: 30 31
here_end (54)
    on left: 42, on right: 40 41
newline_list (55)
    on left: 43 44, on right: 44 45 50
linebreak (56)
    on left: 45 46, on right: 6 7 11 49
separator_op (57)
    on left: 47 48, on right: 3 49
separator (58)
    on left: 49 50, on right: 1


state 0

    0 $accept: . complete_command $end

    WORD             shift, and go to state 1
    ASSIGNMENT_WORD  shift, and go to state 2
    IO_NUMBER        shift, and go to state 3
    DLESS            shift, and go to state 4
    DGREAT           shift, and go to state 5
    LESSAND          shift, and go to state 6
    GREATAND         shift, and go to state 7
    LESSGREAT        shift, and go to state 8
    DLESSDASH        shift, and go to state 9
    CLOBBER          shift, and go to state 10
    Bang             shift, and go to state 11
    '<'              shift, and go to state 12
    '>'              shift, and go to state 13

    complete_command  go to state 14
    list              go to state 15
    and_or            go to state 16
    pipeline          go to state 17
    pipe_sequence     go to state 18
    command           go to state 19
    simple_command    go to state 20
    cmd_name          go to state 21
    cmd_prefix        go to state 22
    io_redirect       go to state 23
    io_file           go to state 24
    io_here           go to state 25


state 1

   18 cmd_name: WORD .

    $default  reduce using rule 18 (cmd_name)


state 2

   22 cmd_prefix: ASSIGNMENT_WORD .

    $default  reduce using rule 22 (cmd_prefix)


state 3

   29 io_redirect: IO_NUMBER . io_file
   31            | IO_NUMBER . io_here

    DLESS      shift, and go to state 4
    DGREAT     shift, and go to state 5
    LESSAND    shift, and go to state 6
    GREATAND   shift, and go to state 7
    LESSGREAT  shift, and go to state 8
    DLESSDASH  shift, and go to state 9
    CLOBBER    shift, and go to state 10
    '<'        shift, and go to state 12
    '>'        shift, and go to state 13

    io_file  go to state 26
    io_here  go to state 27


state 4

   40 io_here: DLESS . here_end

    WORD  shift, and go to state 28

    here_end  go to state 29


state 5

   36 io_file: DGREAT . filename

    WORD  shift, and go to state 30

    filename  go to state 31


state 6

   33 io_file: LESSAND . filename

    WORD  shift, and go to state 30

    filename  go to state 32


state 7

   35 io_file: GREATAND . filename

    WORD  shift, and go to state 30

    filename  go to state 33


state 8

   37 io_file: LESSGREAT . filename

    WORD  shift, and go to state 30

    filename  go to state 34


state 9

   41 io_here: DLESSDASH . here_end

    WORD  shift, and go to state 28

    here_end  go to state 35


state 10

   38 io_file: CLOBBER . filename

    WORD  shift, and go to state 30

    filename  go to state 36


state 11

    9 pipeline: Bang . pipe_sequence

    WORD             shift, and go to state 1
    ASSIGNMENT_WORD  shift, and go to state 2
    IO_NUMBER        shift, and go to state 3
    DLESS            shift, and go to state 4
    DGREAT           shift, and go to state 5
    LESSAND          shift, and go to state 6
    GREATAND         shift, and go to state 7
    LESSGREAT        shift, and go to state 8
    DLESSDASH        shift, and go to state 9
    CLOBBER          shift, and go to state 10
    '<'              shift, and go to state 12
    '>'              shift, and go to state 13

    pipe_sequence   go to state 37
    command         go to state 19
    simple_command  go to state 20
    cmd_name        go to state 21
    cmd_prefix      go to state 22
    io_redirect     go to state 23
    io_file         go to state 24
    io_here         go to state 25


state 12

   32 io_file: '<' . filename

    WORD  shift, and go to state 30

    filename  go to state 38


state 13

   34 io_file: '>' . filename

    WORD  shift, and go to state 30

    filename  go to state 39


state 14

    0 $accept: complete_command . $end

    $end  shift, and go to state 40


state 15

    1 complete_command: list . separator
    2                 | list .
    3 list: list . separator_op and_or

    NEWLINE  shift, and go to state 41
    '&'      shift, and go to state 42
    ';'      shift, and go to state 43

    $default  reduce using rule 2 (complete_command)

    newline_list  go to state 44
    separator_op  go to state 45
    separator     go to state 46


state 16

    4 list: and_or .
    6 and_or: and_or . AND_IF linebreak pipeline
    7       | and_or . OR_IF linebreak pipeline

    AND_IF  shift, and go to state 47
    OR_IF   shift, and go to state 48

    $default  reduce using rule 4 (list)


state 17

    5 and_or: pipeline .

    $default  reduce using rule 5 (and_or)


state 18

    8 pipeline: pipe_sequence .
   11 pipe_sequence: pipe_sequence . '|' linebreak command

    '|'  shift, and go to state 49

    $default  reduce using rule 8 (pipeline)


state 19

   10 pipe_sequence: command .

    $default  reduce using rule 10 (pipe_sequence)


state 20

   12 command: simple_command .

    $default  reduce using rule 12 (command)


state 21

   16 simple_command: cmd_name . cmd_suffix
   17               | cmd_name .

    WORD       shift, and go to state 50
    IO_NUMBER  shift, and go to state 3
    DLESS      shift, and go to state 4
    DGREAT     shift, and go to state 5
    LESSAND    shift, and go to state 6
    GREATAND   shift, and go to state 7
    LESSGREAT  shift, and go to state 8
    DLESSDASH  shift, and go to state 9
    CLOBBER    shift, and go to state 10
    '<'        shift, and go to state 12
    '>'        shift, and go to state 13

    $default  reduce using rule 17 (simple_command)

    cmd_suffix   go to state 51
    io_redirect  go to state 52
    io_file      go to state 24
    io_here      go to state 25


state 22

   13 simple_command: cmd_prefix . cmd_word cmd_suffix
   14               | cmd_prefix . cmd_word
   15               | cmd_prefix .
   21 cmd_prefix: cmd_prefix . io_redirect
   23           | cmd_prefix . ASSIGNMENT_WORD

    WORD             shift, and go to state 53
    ASSIGNMENT_WORD  shift, and go to state 54
    IO_NUMBER        shift, and go to state 3
    DLESS            shift, and go to state 4
    DGREAT           shift, and go to state 5
    LESSAND          shift, and go to state 6
    GREATAND         shift, and go to state 7
    LESSGREAT        shift, and go to state 8
    DLESSDASH        shift, and go to state 9
    CLOBBER          shift, and go to state 10
    '<'              shift, and go to state 12
    '>'              shift, and go to state 13

    $default  reduce using rule 15 (simple_command)

    cmd_word     go to state 55
    io_redirect  go to state 56
    io_file      go to state 24
    io_here      go to state 25


state 23

   20 cmd_prefix: io_redirect .

    $default  reduce using rule 20 (cmd_prefix)


state 24

   28 io_redirect: io_file .

    $default  reduce using rule 28 (io_redirect)


state 25

   30 io_redirect: io_here .

    $default  reduce using rule 30 (io_redirect)


state 26

   29 io_redirect: IO_NUMBER io_file .

    $default  reduce using rule 29 (io_redirect)


state 27

   31 io_redirect: IO_NUMBER io_here .

    $default  reduce using rule 31 (io_redirect)


state 28

   42 here_end: WORD .

    $default  reduce using rule 42 (here_end)


state 29

   40 io_here: DLESS here_end .

    $default  reduce using rule 40 (io_here)


state 30

   39 filename: WORD .

    $default  reduce using rule 39 (filename)


state 31

   36 io_file: DGREAT filename .

    $default  reduce using rule 36 (io_file)


state 32

   33 io_file: LESSAND filename .

    $default  reduce using rule 33 (io_file)


state 33

   35 io_file: GREATAND filename .

    $default  reduce using rule 35 (io_file)


state 34

   37 io_file: LESSGREAT filename .

    $default  reduce using rule 37 (io_file)


state 35

   41 io_here: DLESSDASH here_end .

    $default  reduce using rule 41 (io_here)


state 36

   38 io_file: CLOBBER filename .

    $default  reduce using rule 38 (io_file)


state 37

    9 pipeline: Bang pipe_sequence .
   11 pipe_sequence: pipe_sequence . '|' linebreak command

    '|'  shift, and go to state 49

    $default  reduce using rule 9 (pipeline)


state 38

   32 io_file: '<' filename .

    $default  reduce using rule 32 (io_file)


state 39

   34 io_file: '>' filename .

    $default  reduce using rule 34 (io_file)


state 40

    0 $accept: complete_command $end .

    $default  accept


state 41

   43 newline_list: NEWLINE .

    $default  reduce using rule 43 (newline_list)


state 42

   47 separator_op: '&' .

    $default  reduce using rule 47 (separator_op)


state 43

   48 separator_op: ';' .

    $default  reduce using rule 48 (separator_op)


state 44

   44 newline_list: newline_list . NEWLINE
   50 separator: newline_list .

    NEWLINE  shift, and go to state 57

    $default  reduce using rule 50 (separator)


state 45

    3 list: list separator_op . and_or
   49 separator: separator_op . linebreak

    WORD             shift, and go to state 1
    ASSIGNMENT_WORD  shift, and go to state 2
    NEWLINE          shift, and go to state 41
    IO_NUMBER        shift, and go to state 3
    DLESS            shift, and go to state 4
    DGREAT           shift, and go to state 5
    LESSAND          shift, and go to state 6
    GREATAND         shift, and go to state 7
    LESSGREAT        shift, and go to state 8
    DLESSDASH        shift, and go to state 9
    CLOBBER          shift, and go to state 10
    Bang             shift, and go to state 11
    '<'              shift, and go to state 12
    '>'              shift, and go to state 13

    $default  reduce using rule 46 (linebreak)

    and_or          go to state 58
    pipeline        go to state 17
    pipe_sequence   go to state 18
    command         go to state 19
    simple_command  go to state 20
    cmd_name        go to state 21
    cmd_prefix      go to state 22
    io_redirect     go to state 23
    io_file         go to state 24
    io_here         go to state 25
    newline_list    go to state 59
    linebreak       go to state 60


state 46

    1 complete_command: list separator .

    $default  reduce using rule 1 (complete_command)


state 47

    6 and_or: and_or AND_IF . linebreak pipeline

    NEWLINE  shift, and go to state 41

    $default  reduce using rule 46 (linebreak)

    newline_list  go to state 59
    linebreak     go to state 61


state 48

    7 and_or: and_or OR_IF . linebreak pipeline

    NEWLINE  shift, and go to state 41

    $default  reduce using rule 46 (linebreak)

    newline_list  go to state 59
    linebreak     go to state 62


state 49

   11 pipe_sequence: pipe_sequence '|' . linebreak command

    NEWLINE  shift, and go to state 41

    $default  reduce using rule 46 (linebreak)

    newline_list  go to state 59
    linebreak     go to state 63


state 50

   26 cmd_suffix: WORD .

    $default  reduce using rule 26 (cmd_suffix)


state 51

   16 simple_command: cmd_name cmd_suffix .
   25 cmd_suffix: cmd_suffix . io_redirect
   27           | cmd_suffix . WORD

    WORD       shift, and go to state 64
    IO_NUMBER  shift, and go to state 3
    DLESS      shift, and go to state 4
    DGREAT     shift, and go to state 5
    LESSAND    shift, and go to state 6
    GREATAND   shift, and go to state 7
    LESSGREAT  shift, and go to state 8
    DLESSDASH  shift, and go to state 9
    CLOBBER    shift, and go to state 10
    '<'        shift, and go to state 12
    '>'        shift, and go to state 13

    $default  reduce using rule 16 (simple_command)

    io_redirect  go to state 65
    io_file      go to state 24
    io_here      go to state 25


state 52

   24 cmd_suffix: io_redirect .

    $default  reduce using rule 24 (cmd_suffix)


state 53

   19 cmd_word: WORD .

    $default  reduce using rule 19 (cmd_word)


state 54

   23 cmd_prefix: cmd_prefix ASSIGNMENT_WORD .

    $default  reduce using rule 23 (cmd_prefix)


state 55

   13 simple_command: cmd_prefix cmd_word . cmd_suffix
   14               | cmd_prefix cmd_word .

    WORD       shift, and go to state 50
    IO_NUMBER  shift, and go to state 3
    DLESS      shift, and go to state 4
    DGREAT     shift, and go to state 5
    LESSAND    shift, and go to state 6
    GREATAND   shift, and go to state 7
    LESSGREAT  shift, and go to state 8
    DLESSDASH  shift, and go to state 9
    CLOBBER    shift, and go to state 10
    '<'        shift, and go to state 12
    '>'        shift, and go to state 13

    $default  reduce using rule 14 (simple_command)

    cmd_suffix   go to state 66
    io_redirect  go to state 52
    io_file      go to state 24
    io_here      go to state 25


state 56

   21 cmd_prefix: cmd_prefix io_redirect .

    $default  reduce using rule 21 (cmd_prefix)


state 57

   44 newline_list: newline_list NEWLINE .

    $default  reduce using rule 44 (newline_list)


state 58

    3 list: list separator_op and_or .
    6 and_or: and_or . AND_IF linebreak pipeline
    7       | and_or . OR_IF linebreak pipeline

    AND_IF  shift, and go to state 47
    OR_IF   shift, and go to state 48

    $default  reduce using rule 3 (list)


state 59

   44 newline_list: newline_list . NEWLINE
   45 linebreak: newline_list .

    NEWLINE  shift, and go to state 57

    $default  reduce using rule 45 (linebreak)


state 60

   49 separator: separator_op linebreak .

    $default  reduce using rule 49 (separator)


state 61

    6 and_or: and_or AND_IF linebreak . pipeline

    WORD             shift, and go to state 1
    ASSIGNMENT_WORD  shift, and go to state 2
    IO_NUMBER        shift, and go to state 3
    DLESS            shift, and go to state 4
    DGREAT           shift, and go to state 5
    LESSAND          shift, and go to state 6
    GREATAND         shift, and go to state 7
    LESSGREAT        shift, and go to state 8
    DLESSDASH        shift, and go to state 9
    CLOBBER          shift, and go to state 10
    Bang             shift, and go to state 11
    '<'              shift, and go to state 12
    '>'              shift, and go to state 13

    pipeline        go to state 67
    pipe_sequence   go to state 18
    command         go to state 19
    simple_command  go to state 20
    cmd_name        go to state 21
    cmd_prefix      go to state 22
    io_redirect     go to state 23
    io_file         go to state 24
    io_here         go to state 25


state 62

    7 and_or: and_or OR_IF linebreak . pipeline

    WORD             shift, and go to state 1
    ASSIGNMENT_WORD  shift, and go to state 2
    IO_NUMBER        shift, and go to state 3
    DLESS            shift, and go to state 4
    DGREAT           shift, and go to state 5
    LESSAND          shift, and go to state 6
    GREATAND         shift, and go to state 7
    LESSGREAT        shift, and go to state 8
    DLESSDASH        shift, and go to state 9
    CLOBBER          shift, and go to state 10
    Bang             shift, and go to state 11
    '<'              shift, and go to state 12
    '>'              shift, and go to state 13

    pipeline        go to state 68
    pipe_sequence   go to state 18
    command         go to state 19
    simple_command  go to state 20
    cmd_name        go to state 21
    cmd_prefix      go to state 22
    io_redirect     go to state 23
    io_file         go to state 24
    io_here         go to state 25


state 63

   11 pipe_sequence: pipe_sequence '|' linebreak . command

    WORD             shift, and go to state 1
    ASSIGNMENT_WORD  shift, and go to state 2
    IO_NUMBER        shift, and go to state 3
    DLESS            shift, and go to state 4
    DGREAT           shift, and go to state 5
    LESSAND          shift, and go to state 6
    GREATAND         shift, and go to state 7
    LESSGREAT        shift, and go to state 8
    DLESSDASH        shift, and go to state 9
    CLOBBER          shift, and go to state 10
    '<'              shift, and go to state 12
    '>'              shift, and go to state 13

    command         go to state 69
    simple_command  go to state 20
    cmd_name        go to state 21
    cmd_prefix      go to state 22
    io_redirect     go to state 23
    io_file         go to state 24
    io_here         go to state 25


state 64

   27 cmd_suffix: cmd_suffix WORD .

    $default  reduce using rule 27 (cmd_suffix)


state 65

   25 cmd_suffix: cmd_suffix io_redirect .

    $default  reduce using rule 25 (cmd_suffix)


state 66

   13 simple_command: cmd_prefix cmd_word cmd_suffix .
   25 cmd_suffix: cmd_suffix . io_redirect
   27           | cmd_suffix . WORD

    WORD       shift, and go to state 64
    IO_NUMBER  shift, and go to state 3
    DLESS      shift, and go to state 4
    DGREAT     shift, and go to state 5
    LESSAND    shift, and go to state 6
    GREATAND   shift, and go to state 7
    LESSGREAT  shift, and go to state 8
    DLESSDASH  shift, and go to state 9
    CLOBBER    shift, and go to state 10
    '<'        shift, and go to state 12
    '>'        shift, and go to state 13

    $default  reduce using rule 13 (simple_command)

    io_redirect  go to state 65
    io_file      go to state 24
    io_here      go to state 25


state 67

    6 and_or: and_or AND_IF linebreak pipeline .

    $default  reduce using rule 6 (and_or)


state 68

    7 and_or: and_or OR_IF linebreak pipeline .

    $default  reduce using rule 7 (and_or)


state 69

   11 pipe_sequence: pipe_sequence '|' linebreak command .

    $default  reduce using rule 11 (pipe_sequence)
